<?xml version="1.0" encoding="UTF-8"?>
<!-- Generated by org.testng.reporters.JUnitReportReporter -->
<testsuite hostname="R50000199" failures="0" tests="3" name="webstaurant.com.tests.Test_webstaurant" time="119.602" errors="0" timestamp="2022-11-23T01:53:40 BDT" skipped="0">
  <testcase classname="webstaurant.com.tests.Test_webstaurant" name="search_work_table" time="106.486"/>
  <system-out/>
  <testcase classname="webstaurant.com.tests.Test_webstaurant" name="add_last_item_to_cart" time="12.135"/>
  <system-out/>
  <testcase classname="webstaurant.com.tests.Test_webstaurant" name="clear_cart_items" time="0.981"/>
  <system-out/>
</testsuite> <!-- webstaurant.com.tests.Test_webstaurant -->
